Log file open, 09/05/16 16:33:30
LogInit:Display: Running engine for game: NeuroRehab
LogPlatformFile: Not using cached read wrapper
LogInit:Display: RandInit(1648516791) SRandInit(1648516791).
LogTaskGraph: Started task graph with 5 named threads and 6 total threads with 1 sets of task threads.
LogStats: Stats thread started at 0.132454
LogPluginManager: Loaded Plugin Paper2D, From C:/Program Files (x86)/Epic Games/4.13/Engine/Plugins/2D/Paper2D/Paper2D.uplugin
LogPluginManager: Loaded Plugin LightPropagationVolume, From C:/Program Files (x86)/Epic Games/4.13/Engine/Plugins/Blendables/LightPropagationVolume/LightPropagationVolume.uplugin
LogPluginManager: Loaded Plugin BlankPlugin, From C:/Program Files (x86)/Epic Games/4.13/Engine/Plugins/Developer/BlankPlugin/BlankPlugin.uplugin
LogPluginManager: Loaded Plugin CodeLiteSourceCodeAccess, From C:/Program Files (x86)/Epic Games/4.13/Engine/Plugins/Developer/CodeLiteSourceCodeAccess/CodeLiteSourceCodeAccess.uplugin
LogPluginManager: Loaded Plugin GitSourceControl, From C:/Program Files (x86)/Epic Games/4.13/Engine/Plugins/Developer/GitSourceControl/GitSourceControl.uplugin
LogPluginManager: Loaded Plugin KDevelopSourceCodeAccess, From C:/Program Files (x86)/Epic Games/4.13/Engine/Plugins/Developer/KDevelopSourceCodeAccess/KDevelopSourceCodeAccess.uplugin
LogPluginManager: Loaded Plugin NullSourceCodeAccess, From C:/Program Files (x86)/Epic Games/4.13/Engine/Plugins/Developer/NullSourceCodeAccess/NullSourceCodeAccess.uplugin
LogPluginManager: Loaded Plugin OneSkyLocalizationService, From C:/Program Files (x86)/Epic Games/4.13/Engine/Plugins/Developer/OneSkyLocalizationService/OneSkyLocalizationService.uplugin
LogPluginManager: Loaded Plugin PerforceSourceControl, From C:/Program Files (x86)/Epic Games/4.13/Engine/Plugins/Developer/PerforceSourceControl/PerforceSourceControl.uplugin
LogPluginManager: Loaded Plugin SubversionSourceControl, From C:/Program Files (x86)/Epic Games/4.13/Engine/Plugins/Developer/SubversionSourceControl/SubversionSourceControl.uplugin
LogPluginManager: Loaded Plugin UObjectPlugin, From C:/Program Files (x86)/Epic Games/4.13/Engine/Plugins/Developer/UObjectPlugin/UObjectPlugin.uplugin
LogPluginManager: Loaded Plugin VisualStudioSourceCodeAccess, From C:/Program Files (x86)/Epic Games/4.13/Engine/Plugins/Developer/VisualStudioSourceCodeAccess/VisualStudioSourceCodeAccess.uplugin
LogPluginManager: Loaded Plugin XCodeSourceCodeAccess, From C:/Program Files (x86)/Epic Games/4.13/Engine/Plugins/Developer/XCodeSourceCodeAccess/XCodeSourceCodeAccess.uplugin
LogPluginManager: Loaded Plugin EpicSurvey, From C:/Program Files (x86)/Epic Games/4.13/Engine/Plugins/Editor/EpicSurvey/EpicSurvey.uplugin
LogPluginManager: Loaded Plugin MacGraphicsSwitching, From C:/Program Files (x86)/Epic Games/4.13/Engine/Plugins/Editor/MacGraphicsSwitching/MacGraphicsSwitching.uplugin
LogPluginManager: Loaded Plugin MobileLauncherProfileWizard, From C:/Program Files (x86)/Epic Games/4.13/Engine/Plugins/Editor/MobileLauncherProfileWizard/MobileLauncherProfileWizard.uplugin
LogPluginManager: Loaded Plugin PluginBrowser, From C:/Program Files (x86)/Epic Games/4.13/Engine/Plugins/Editor/PluginBrowser/PluginBrowser.uplugin
LogPluginManager: Loaded Plugin SpeedTreeImporter, From C:/Program Files (x86)/Epic Games/4.13/Engine/Plugins/Editor/SpeedTreeImporter/SpeedTreeImporter.uplugin
LogPluginManager: Loaded Plugin SuperSearchEditor, From C:/Program Files (x86)/Epic Games/4.13/Engine/Plugins/Editor/SuperSearchEditor/SuperSearchEditor.uplugin
LogPluginManager: Loaded Plugin AlembicImporter, From C:/Program Files (x86)/Epic Games/4.13/Engine/Plugins/Experimental/AlembicImporter/AlembicImporter.uplugin
LogPluginManager: Loaded Plugin BlueprintStats, From C:/Program Files (x86)/Epic Games/4.13/Engine/Plugins/Experimental/BlueprintStats/BlueprintStats.uplugin
LogPluginManager: Loaded Plugin CharacterAI, From C:/Program Files (x86)/Epic Games/4.13/Engine/Plugins/Experimental/CharacterAI/CharacterAI.uplugin
LogPluginManager: Loaded Plugin CodeEditor, From C:/Program Files (x86)/Epic Games/4.13/Engine/Plugins/Experimental/CodeEditor/CodeEditor.uplugin
LogPluginManager: Loaded Plugin CodeView, From C:/Program Files (x86)/Epic Games/4.13/Engine/Plugins/Experimental/CodeView/CodeView.uplugin
LogPluginManager: Loaded Plugin HTML5Networking, From C:/Program Files (x86)/Epic Games/4.13/Engine/Plugins/Experimental/HTML5Networking/HTML5Networking.uplugin
LogPluginManager: Loaded Plugin LiveEditor, From C:/Program Files (x86)/Epic Games/4.13/Engine/Plugins/Experimental/LiveEditor/LiveEditor.uplugin
LogPluginManager: Loaded Plugin OSVR, From C:/Program Files (x86)/Epic Games/4.13/Engine/Plugins/Experimental/OSVR/OSVR.uplugin
LogPluginManager: Loaded Plugin Phya, From C:/Program Files (x86)/Epic Games/4.13/Engine/Plugins/Experimental/Phya/Phya.uplugin
LogPluginManager: Loaded Plugin SignificanceManager, From C:/Program Files (x86)/Epic Games/4.13/Engine/Plugins/Experimental/SignificanceManager/SignificanceManager.uplugin
LogPluginManager: Loaded Plugin SimpleHMD, From C:/Program Files (x86)/Epic Games/4.13/Engine/Plugins/Experimental/SimpleHMD/SimpleHMD.uplugin
LogPluginManager: Loaded Plugin StereoPanorama, From C:/Program Files (x86)/Epic Games/4.13/Engine/Plugins/Experimental/StereoPanorama/StereoPanorama.uplugin
LogPluginManager: Loaded Plugin StructBox, From C:/Program Files (x86)/Epic Games/4.13/Engine/Plugins/Experimental/StructBox/StructBox.uplugin
LogPluginManager: Loaded Plugin AndroidMedia, From C:/Program Files (x86)/Epic Games/4.13/Engine/Plugins/Media/AndroidMedia/AndroidMedia.uplugin
LogPluginManager: Loaded Plugin AvfMedia, From C:/Program Files (x86)/Epic Games/4.13/Engine/Plugins/Media/AvfMedia/AvfMedia.uplugin
LogPluginManager: Loaded Plugin MediaPlayerEditor, From C:/Program Files (x86)/Epic Games/4.13/Engine/Plugins/Media/MediaPlayerEditor/MediaPlayerEditor.uplugin
LogPluginManager: Loaded Plugin WmfMedia, From C:/Program Files (x86)/Epic Games/4.13/Engine/Plugins/Media/WmfMedia/WmfMedia.uplugin
LogPluginManager: Loaded Plugin MessagingDebugger, From C:/Program Files (x86)/Epic Games/4.13/Engine/Plugins/Messaging/MessagingDebugger/MessagingDebugger.uplugin
LogPluginManager: Loaded Plugin TcpMessaging, From C:/Program Files (x86)/Epic Games/4.13/Engine/Plugins/Messaging/TcpMessaging/TcpMessaging.uplugin
LogPluginManager: Loaded Plugin UdpMessaging, From C:/Program Files (x86)/Epic Games/4.13/Engine/Plugins/Messaging/UdpMessaging/UdpMessaging.uplugin
LogPluginManager: Loaded Plugin LevelSequenceEditor, From C:/Program Files (x86)/Epic Games/4.13/Engine/Plugins/MovieScene/LevelSequenceEditor/LevelSequenceEditor.uplugin
LogPluginManager: Loaded Plugin MatineeToLevelSequence, From C:/Program Files (x86)/Epic Games/4.13/Engine/Plugins/MovieScene/MatineeToLevelSequence/MatineeToLevelSequence.uplugin
LogPluginManager: Loaded Plugin NetcodeUnitTest, From C:/Program Files (x86)/Epic Games/4.13/Engine/Plugins/NetcodeUnitTest/NetcodeUnitTest/NetcodeUnitTest.uplugin
LogPluginManager: Loaded Plugin NUTUnrealEngine4, From C:/Program Files (x86)/Epic Games/4.13/Engine/Plugins/NetcodeUnitTest/NUTUnrealEngine4/NUTUnrealEngine4.uplugin
LogPluginManager: Loaded Plugin OnlineSubsystemGooglePlay, From C:/Program Files (x86)/Epic Games/4.13/Engine/Plugins/Online/Android/OnlineSubsystemGooglePlay/OnlineSubsystemGooglePlay.uplugin
LogPluginManager: Loaded Plugin OnlineSubsystemIOS, From C:/Program Files (x86)/Epic Games/4.13/Engine/Plugins/Online/IOS/OnlineSubsystemIOS/OnlineSubsystemIOS.uplugin
LogPluginManager: Loaded Plugin OnlineFramework, From C:/Program Files (x86)/Epic Games/4.13/Engine/Plugins/Online/OnlineFramework/OnlineFramework.uplugin
LogPluginManager: Loaded Plugin OnlineSubsystem, From C:/Program Files (x86)/Epic Games/4.13/Engine/Plugins/Online/OnlineSubsystem/OnlineSubsystem.uplugin
LogPluginManager: Loaded Plugin OnlineSubsystemAmazon, From C:/Program Files (x86)/Epic Games/4.13/Engine/Plugins/Online/OnlineSubsystemAmazon/OnlineSubsystemAmazon.uplugin
LogPluginManager: Loaded Plugin OnlineSubsystemFacebook, From C:/Program Files (x86)/Epic Games/4.13/Engine/Plugins/Online/OnlineSubsystemFacebook/OnlineSubsystemFacebook.uplugin
LogPluginManager: Loaded Plugin OnlineSubsystemNull, From C:/Program Files (x86)/Epic Games/4.13/Engine/Plugins/Online/OnlineSubsystemNull/OnlineSubsystemNull.uplugin
LogPluginManager: Loaded Plugin OnlineSubsystemOculus, From C:/Program Files (x86)/Epic Games/4.13/Engine/Plugins/Online/OnlineSubsystemOculus/OnlineSubsystemOculus.uplugin
LogPluginManager: Loaded Plugin OnlineSubsystemSteam, From C:/Program Files (x86)/Epic Games/4.13/Engine/Plugins/Online/OnlineSubsystemSteam/OnlineSubsystemSteam.uplugin
LogPluginManager: Loaded Plugin OnlineSubsystemUtils, From C:/Program Files (x86)/Epic Games/4.13/Engine/Plugins/Online/OnlineSubsystemUtils/OnlineSubsystemUtils.uplugin
LogPluginManager: Loaded Plugin IOSTapJoy, From C:/Program Files (x86)/Epic Games/4.13/Engine/Plugins/Runtime/Advertising/IOSTapJoy/IOSTapJoy.uplugin
LogPluginManager: Loaded Plugin AnalyticsBlueprintLibrary, From C:/Program Files (x86)/Epic Games/4.13/Engine/Plugins/Runtime/Analytics/AnalyticsBlueprintLibrary/AnalyticsBlueprintLibrary.uplugin
LogPluginManager: Loaded Plugin AnalyticsMulticast, From C:/Program Files (x86)/Epic Games/4.13/Engine/Plugins/Runtime/Analytics/AnalyticsMulticast/AnalyticsMulticast.uplugin
LogPluginManager: Loaded Plugin Apsalar, From C:/Program Files (x86)/Epic Games/4.13/Engine/Plugins/Runtime/Analytics/Apsalar/Apsalar.uplugin
LogPluginManager: Loaded Plugin FileLogging, From C:/Program Files (x86)/Epic Games/4.13/Engine/Plugins/Runtime/Analytics/FileLogging/FileLogging.uplugin
LogPluginManager: Loaded Plugin Flurry, From C:/Program Files (x86)/Epic Games/4.13/Engine/Plugins/Runtime/Analytics/Flurry/Flurry.uplugin
LogPluginManager: Loaded Plugin AndroidDeviceProfileSelector, From C:/Program Files (x86)/Epic Games/4.13/Engine/Plugins/Runtime/AndroidDeviceProfileSelector/AndroidDeviceProfileSelector.uplugin
LogPluginManager: Loaded Plugin AndroidMoviePlayer, From C:/Program Files (x86)/Epic Games/4.13/Engine/Plugins/Runtime/AndroidMoviePlayer/AndroidMoviePlayer.uplugin
LogPluginManager: Loaded Plugin AppleMoviePlayer, From C:/Program Files (x86)/Epic Games/4.13/Engine/Plugins/Runtime/AppleMoviePlayer/AppleMoviePlayer.uplugin
LogPluginManager: Loaded Plugin ArchVisCharacter, From C:/Program Files (x86)/Epic Games/4.13/Engine/Plugins/Runtime/ArchVisCharacter/ArchVisCharacter.uplugin
LogPluginManager: Loaded Plugin CableComponent, From C:/Program Files (x86)/Epic Games/4.13/Engine/Plugins/Runtime/CableComponent/CableComponent.uplugin
LogPluginManager: Loaded Plugin CustomMeshComponent, From C:/Program Files (x86)/Epic Games/4.13/Engine/Plugins/Runtime/CustomMeshComponent/CustomMeshComponent.uplugin
LogPluginManager: Loaded Plugin ExampleDeviceProfileSelector, From C:/Program Files (x86)/Epic Games/4.13/Engine/Plugins/Runtime/ExampleDeviceProfileSelector/ExampleDeviceProfileSelector.uplugin
LogPluginManager: Loaded Plugin GearVR, From C:/Program Files (x86)/Epic Games/4.13/Engine/Plugins/Runtime/GearVR/GearVR.uplugin
LogPluginManager: Loaded Plugin GoogleVRController, From C:/Program Files (x86)/Epic Games/4.13/Engine/Plugins/Runtime/GoogleVR/GoogleVRController/GoogleVRController.uplugin
LogPluginManager: Loaded Plugin GoogleVRHMD, From C:/Program Files (x86)/Epic Games/4.13/Engine/Plugins/Runtime/GoogleVR/GoogleVRHMD/GoogleVRHMD.uplugin
LogPluginManager: Loaded Plugin IOSDeviceProfileSelector, From C:/Program Files (x86)/Epic Games/4.13/Engine/Plugins/Runtime/IOSDeviceProfileSelector/IOSDeviceProfileSelector.uplugin
LogPluginManager: Loaded Plugin LeapMotion, From C:/Program Files (x86)/Epic Games/4.13/Engine/Plugins/Runtime/LeapMotion/LeapMotion.uplugin
LogPluginManager: Loaded Plugin LinuxDeviceProfileSelector, From C:/Program Files (x86)/Epic Games/4.13/Engine/Plugins/Runtime/LinuxDeviceProfileSelector/LinuxDeviceProfileSelector.uplugin
LogPluginManager: Loaded Plugin LiveEditorListenServer, From C:/Program Files (x86)/Epic Games/4.13/Engine/Plugins/Runtime/LiveEditorListenServer/LiveEditorListenServer.uplugin
LogPluginManager: Loaded Plugin OculusAudio, From C:/Program Files (x86)/Epic Games/4.13/Engine/Plugins/Runtime/OculusAudio/OculusAudio.uplugin
LogPluginManager: Loaded Plugin OculusInput, From C:/Program Files (x86)/Epic Games/4.13/Engine/Plugins/Runtime/OculusInput/OculusInput.uplugin
LogPluginManager: Loaded Plugin OculusLibrary, From C:/Program Files (x86)/Epic Games/4.13/Engine/Plugins/Runtime/OculusLibrary/OculusLibrary.uplugin
LogPluginManager: Loaded Plugin OculusRift, From C:/Program Files (x86)/Epic Games/4.13/Engine/Plugins/Runtime/OculusRift/OculusRift.uplugin
LogPluginManager: Loaded Plugin Oodle, From C:/Program Files (x86)/Epic Games/4.13/Engine/Plugins/Runtime/PacketHandlers/CompressionComponents/Oodle/Oodle.uplugin
LogPluginManager: Loaded Plugin ProceduralMeshComponent, From C:/Program Files (x86)/Epic Games/4.13/Engine/Plugins/Runtime/ProceduralMeshComponent/ProceduralMeshComponent.uplugin
LogPluginManager: Loaded Plugin SoundMod, From C:/Program Files (x86)/Epic Games/4.13/Engine/Plugins/Runtime/SoundMod/SoundMod.uplugin
LogPluginManager: Loaded Plugin SoundVisualizations, From C:/Program Files (x86)/Epic Games/4.13/Engine/Plugins/Runtime/SoundVisualizations/SoundVisualizations.uplugin
LogPluginManager: Loaded Plugin SteamController, From C:/Program Files (x86)/Epic Games/4.13/Engine/Plugins/Runtime/Steam/SteamController/SteamController.uplugin
LogPluginManager: Loaded Plugin SteamVR, From C:/Program Files (x86)/Epic Games/4.13/Engine/Plugins/Runtime/Steam/SteamVR/SteamVR.uplugin
LogPluginManager: Loaded Plugin WebBrowserWidget, From C:/Program Files (x86)/Epic Games/4.13/Engine/Plugins/Runtime/WebBrowserWidget/WebBrowserWidget.uplugin
LogPluginManager: Loaded Plugin WindowsDeviceProfileSelector, From C:/Program Files (x86)/Epic Games/4.13/Engine/Plugins/Runtime/WindowsDeviceProfileSelector/WindowsDeviceProfileSelector.uplugin
LogPluginManager: Loaded Plugin WindowsMoviePlayer, From C:/Program Files (x86)/Epic Games/4.13/Engine/Plugins/Runtime/WindowsMoviePlayer/WindowsMoviePlayer.uplugin
LogPluginManager: Loaded Plugin ScriptPlugin, From C:/Program Files (x86)/Epic Games/4.13/Engine/Plugins/ScriptPlugin/ScriptPlugin.uplugin
LogPluginManager: Loaded Plugin SlateRemote, From C:/Program Files (x86)/Epic Games/4.13/Engine/Plugins/Slate/SlateRemote/SlateRemote.uplugin
LogInit: Using libcurl 7.47.1
LogInit:  - built for x86_64-pc-win32
LogInit:  - supports SSL with WinSSL
LogInit:  - other features:
LogInit:      CURL_VERSION_SSL
LogInit:      CURL_VERSION_IPV6
LogInit:      CURL_VERSION_ASYNCHDNS
LogInit:      CURL_VERSION_LARGEFILE
LogInit:      CURL_VERSION_IDN
LogInit:  CurlRequestOptions (configurable via config and command line):
LogInit:  - bVerifyPeer = false  - Libcurl will NOT verify peer certificate
LogInit:  - bUseHttpProxy = false  - Libcurl will NOT use HTTP proxy
LogInit:  - bDontReuseConnections = false  - Libcurl will reuse connections
LogInit:  - CertBundlePath = nullptr  - Libcurl will use whatever was configured at build time.
OCULUS: Info: [CAPI] LibOVR module is located at C:\Program Files\Oculus\Support\oculus-runtime\LibOVRRT64_1.dll
OCULUS: Debug: Connected to the server running version (prod = 1).1.7.0(build = 270909) feature version = 0. Client runs version (prod = 1).1.7.0(build = 270909) feature version = 0
LogInit: Build: ++UE4+Release-4.13-CL-3106830
LogInit: Engine Version: 4.13.0-3106830+++UE4+Release-4.13
LogInit: Compatible Engine Version: 4.13.0-3106830+++UE4+Release-4.13
LogInit: Net CL: 3106830
LogDevObjectVersion: Number of dev versions registered: 13
LogDevObjectVersion:   Dev-Blueprints (B0D832E4-1F89-4F0D-ACCF-7EB736FD4AA2): 5
LogDevObjectVersion:   Dev-Build (E1C64328-A22C-4D53-A36C-8E866417BD8C): 0
LogDevObjectVersion:   Dev-Core (375EC13C-06E4-48FB-B500-84F0262A717E): 1
LogDevObjectVersion:   Dev-Editor (E4B068ED-F494-42E9-A231-DA0B2E46BB41): 6
LogDevObjectVersion:   Dev-Framework (CFFC743F-43B0-4480-9391-14DF171D2073): 12
LogDevObjectVersion:   Dev-Mobile (B02B49B5-BB20-44E9-A304-32B752E40360): 0
LogDevObjectVersion:   Dev-Networking (A4E4105C-59A1-49B5-A7C5-40C4547EDFEE): 0
LogDevObjectVersion:   Dev-Online (39C831C9-5AE6-47DC-9A44-9C173E1C8E7C): 0
LogDevObjectVersion:   Dev-Physics (78F01B33-EBEA-4F98-B9B4-84EACCB95AA2): 0
LogDevObjectVersion:   Dev-Platform (6631380F-2D4D-43E0-8009-CF276956A95A): 0
LogDevObjectVersion:   Dev-Rendering (12F88B9F-8875-4AFC-A67C-D90C383ABD29): 4
LogDevObjectVersion:   Dev-Sequencer (7B5AE74C-D270-4C10-A958-57980B212A5A): 0
LogDevObjectVersion:   Dev-VR (D7296918-1DD6-4BDD-9DE2-64A83CC13884): 0
LogInit: Compiled (64-bit): Aug 30 2016 18:11:39
LogInit: Compiled with Visual C++: 19.00.23026.00
LogInit: Build Configuration: Development
LogInit: Branch Name: ++UE4+Release-4.13
LogInit: Command line:  
LogInit: Base directory: C:/Program Files (x86)/Epic Games/4.13/Engine/Binaries/Win64/
LogInit: Installed Engine Build: 1
LogInit: Presizing for max 8388607 objects, including 0 objects not considered by GC, pre-allocating 0 bytes for permanent pool.
LogInit: Object subsystem initialized
[2016.09.05-04.33.31:445][  0]LogInit: Selected Device Profile: [Windows]
[2016.09.05-04.33.31:445][  0]LogInit: Applying CVar settings loaded from the selected device profile: [Windows]
[2016.09.05-04.33.31:475][  0]LogInit: Computer: GOLLAHALLI-AW
[2016.09.05-04.33.31:475][  0]LogInit: User: akshay
[2016.09.05-04.33.31:475][  0]LogInit: CPU Page size=65536, Cores=2
[2016.09.05-04.33.31:475][  0]LogInit: High frequency timer resolution =2.531254 MHz
[2016.09.05-04.33.31:476][  0]LogMemory: Memory total: Physical=15.9GB (16GB approx)
[2016.09.05-04.33.31:476][  0]LogMemory: Platform Memory Stats for Windows
[2016.09.05-04.33.31:476][  0]LogMemory: Process Physical Memory: 260.48 MB used, 260.48 MB peak
[2016.09.05-04.33.31:476][  0]LogMemory: Process Virtual Memory: 262.95 MB used, 262.95 MB peak
[2016.09.05-04.33.31:476][  0]LogMemory: Physical Memory: 13397.78 MB used, 16280.86 MB total
[2016.09.05-04.33.31:476][  0]LogMemory: Virtual Memory: 661.77 MB used, 134217728.00 MB total
[2016.09.05-04.33.31:626][  0]LogTextLocalizationManager: No specific translations for ('en-US') exist, so ('en') translations will be used.
[2016.09.05-04.33.33:426][  0]LogD3D11RHI: D3D11 adapters:
[2016.09.05-04.33.33:477][  0]LogD3D11RHI:    0. 'NVIDIA GeForce GTX 965M' (Feature Level 11_0)
[2016.09.05-04.33.33:477][  0]LogD3D11RHI:       4062/0/8140 MB DedicatedVideo/DedicatedSystem/SharedSystem, Outputs:2, VendorId:0x10de
[2016.09.05-04.33.33:492][  0]LogD3D11RHI:    1. 'Intel(R) HD Graphics 520' (Feature Level 11_0)
[2016.09.05-04.33.33:492][  0]LogD3D11RHI:       128/0/8140 MB DedicatedVideo/DedicatedSystem/SharedSystem, Outputs:0, VendorId:0x8086
[2016.09.05-04.33.33:495][  0]LogD3D11RHI:    2. 'Microsoft Basic Render Driver' (Feature Level 11_0)
[2016.09.05-04.33.33:495][  0]LogD3D11RHI:       0/0/8140 MB DedicatedVideo/DedicatedSystem/SharedSystem, Outputs:0, VendorId:0x1414
[2016.09.05-04.33.33:495][  0]LogD3D11RHI: Chosen D3D11 Adapter: 0
[2016.09.05-04.33.33:508][  0]LogD3D11RHI: Creating new Direct3DDevice
[2016.09.05-04.33.33:509][  0]LogD3D11RHI:     GPU DeviceId: 0x1427 (for the marketing name, search the web for "GPU Device Id")
[2016.09.05-04.33.33:509][  0]LogWindows: EnumDisplayDevices:
[2016.09.05-04.33.33:509][  0]LogWindows:    0. 'Intel(R) HD Graphics 520' (P:1 D:1)
[2016.09.05-04.33.33:509][  0]LogWindows:    1. 'Intel(R) HD Graphics 520' (P:0 D:0)
[2016.09.05-04.33.33:509][  0]LogWindows:    2. 'Intel(R) HD Graphics 520' (P:0 D:0)
[2016.09.05-04.33.33:509][  0]LogWindows:    3. 'NVIDIA GeForce GTX 965M' (P:0 D:1)
[2016.09.05-04.33.33:510][  0]LogWindows: DebugString: PrimaryIsNotTheChoosenAdapter PrimaryIsNotTheChoosenAdapter PrimaryIsNotTheChoosenAdapter 
[2016.09.05-04.33.33:510][  0]LogD3D11RHI:     Adapter Name: NVIDIA GeForce GTX 965M
[2016.09.05-04.33.33:510][  0]LogD3D11RHI:   Driver Version: 368.81 (internal:10.18.13.6881, unified:368.81)
[2016.09.05-04.33.33:510][  0]LogD3D11RHI:      Driver Date: 7-10-2016
[2016.09.05-04.33.33:510][  0]LogRHI: Texture pool is 1361 MB (70% of 1945 MB)
[2016.09.05-04.33.33:539][  0]LogD3D11RHI: Async texture creation enabled
[2016.09.05-04.33.33:573][  0]LogD3D11RHI: GPU Timing Frequency: 1000.000000 (Debug: 2 2)
[2016.09.05-04.33.33:579][  0]LogShaderCompilers: Guid format shader working directory is -40 characters bigger than the processId version (../../../../../../Users/aksha/Box Sync/MyDrive/Projects/Akshay-GitHub/NeuroRehab 4.13/Intermediate/Shaders/WorkingDirectory/26064/).
[2016.09.05-04.33.33:580][  0]LogShaderCompilers: Cleaned the shader compiler working directory 'C:/Users/aksha/AppData/Local/Temp/UnrealShaderWorkingDir/F84860164EF917CBF7C2CEAB0DDB6B00/'.
[2016.09.05-04.33.33:580][  0]LogShaderCompilers:Display: Using Local Shader Compiler.
[2016.09.05-04.33.35:833][  0]LogTemp:Display: Loaded TP AllDesktopTargetPlatform
[2016.09.05-04.33.35:864][  0]LogTemp:Display: Loaded TP WindowsClientTargetPlatform
[2016.09.05-04.33.35:919][  0]LogTemp:Display: Loaded TP WindowsNoEditorTargetPlatform
[2016.09.05-04.33.35:945][  0]LogTemp:Display: Loaded TP WindowsServerTargetPlatform
[2016.09.05-04.33.35:976][  0]LogTemp:Display: Loaded TP WindowsTargetPlatform
[2016.09.05-04.33.36:023][  0]LogTemp:Display: Loaded TP AndroidTargetPlatform
[2016.09.05-04.33.36:048][  0]LogTemp:Display: Loaded TP Android_ASTCTargetPlatform
[2016.09.05-04.33.36:074][  0]LogTemp:Display: Loaded TP Android_ATCTargetPlatform
[2016.09.05-04.33.36:088][  0]LogTemp:Display: Loaded TP Android_DXTTargetPlatform
[2016.09.05-04.33.36:106][  0]LogTemp:Display: Loaded TP Android_ETC1TargetPlatform
[2016.09.05-04.33.36:129][  0]LogTemp:Display: Loaded TP Android_ETC2TargetPlatform
[2016.09.05-04.33.36:163][  0]LogTemp:Display: Loaded TP Android_MultiTargetPlatform
[2016.09.05-04.33.36:163][  0]LogTemp:Display: Loaded TP Android_PVRTCTargetPlatform
[2016.09.05-04.33.36:174][  0]LogTemp:Display: Loaded TP HTML5TargetPlatform
[2016.09.05-04.33.36:229][  0]LogTemp:Display: Loaded TP IOSTargetPlatform
[2016.09.05-04.33.36:243][  0]LogTemp:Display: Loaded TP TVOSTargetPlatform
[2016.09.05-04.33.36:257][  0]LogTemp:Display: Loaded TP LinuxClientTargetPlatform
[2016.09.05-04.33.36:275][  0]LogTemp:Display: Loaded TP LinuxNoEditorTargetPlatform
[2016.09.05-04.33.36:289][  0]LogTemp:Display: Loaded TP LinuxServerTargetPlatform
[2016.09.05-04.33.36:312][  0]LogTemp:Display: Loaded TP LinuxTargetPlatform
[2016.09.05-04.33.36:312][  0]LogTargetPlatformManager:Display: Building Assets For Windows
[2016.09.05-04.33.36:695][  0]LogDerivedDataCache:Display: Max Cache Size: 512 MB
[2016.09.05-04.33.37:397][  0]LogDerivedDataCache: Loaded boot cache 0.70s 85MB C:/Users/aksha/AppData/Local/UnrealEngine/4.13/DerivedDataCache/Boot.ddc.
[2016.09.05-04.33.37:397][  0]LogDerivedDataCache:Display: Loaded Boot cache: C:/Users/aksha/AppData/Local/UnrealEngine/4.13/DerivedDataCache/Boot.ddc
[2016.09.05-04.33.37:398][  0]LogDerivedDataCache: FDerivedDataBackendGraph:  Pak pak cache file ../../../../../../Users/aksha/Box Sync/MyDrive/Projects/Akshay-GitHub/NeuroRehab 4.13/DerivedDataCache/DDC.ddp not found, will not use a pak cache.
[2016.09.05-04.33.37:398][  0]LogDerivedDataCache: Unable to find inner node Pak for hierarchical cache Hierarchy.
[2016.09.05-04.33.37:398][  0]LogDerivedDataCache: FDerivedDataBackendGraph:  CompressedPak pak cache file ../../../../../../Users/aksha/Box Sync/MyDrive/Projects/Akshay-GitHub/NeuroRehab 4.13/DerivedDataCache/Compressed.ddp not found, will not use a pak cache.
[2016.09.05-04.33.37:398][  0]LogDerivedDataCache: Unable to find inner node CompressedPak for hierarchical cache Hierarchy.
[2016.09.05-04.33.37:450][  0]LogDerivedDataCache:Display: Pak cache opened for reading ../../../Engine/DerivedDataCache/Compressed.ddp.
[2016.09.05-04.33.37:463][  0]LogDerivedDataCache: Using Local data cache path C:/Users/aksha/AppData/Local/UnrealEngine/Common/DerivedDataCache: Writable
[2016.09.05-04.33.38:275][  0]LogInit: Selected Device Profile: [Windows]
[2016.09.05-04.33.38:281][  0]LogContentStreaming: Texture pool size is 0.00 MB
[2016.09.05-04.33.38:413][  0]LogMeshUtilities: No automatic mesh reduction module available
[2016.09.05-04.33.38:413][  0]LogMeshUtilities: No automatic mesh merging module available
[2016.09.05-04.33.38:413][  0]LogMeshUtilities: No distributed automatic mesh merging module available
[2016.09.05-04.33.38:553][  0]LogMaterial: Uniform references updated for custom material expression Custom.
[2016.09.05-04.33.39:103][  0]LogNetVersion: GetLocalNetworkVersion: CL: 3106830, ProjectName: neurorehab, ProjectVersion: , EngineNetworkVersion: 1, GameNetworkVersion: 0, NetworkChecksum: 2324552259
[2016.09.05-04.33.39:174][  0]LogAssetRegistry: FAssetRegistry took 0.0248 seconds to start up
[2016.09.05-04.33.39:233][  0]LogPackageLocalizationCache: Processed 3 localized package path(s) for 2 prioritized culture(s) in 0.050253 seconds
[2016.09.05-04.33.39:245][  0]LogUObjectArray: 29777 objects as part of root set at end of initial load.
[2016.09.05-04.33.39:245][  0]LogUObjectAllocator: 6124696 out of 0 bytes used by permanent object pool.
[2016.09.05-04.33.39:245][  0]LogUObjectArray: CloseDisregardForGC: 0/0 objects in disregard for GC pool
[2016.09.05-04.33.39:262][  0]LogInit: WinSock: version 1.1 (2.2), MaxSocks=32767, MaxUdp=65467
[2016.09.05-04.33.39:981][  0]LogSlate: SlateFontCache - WITH_FREETYPE: 1, WITH_HARFBUZZ: 1
[2016.09.05-04.33.39:981][  0]LogSlate: SlateFontCache - WITH_FREETYPE: 1, WITH_HARFBUZZ: 1
[2016.09.05-04.33.43:959][  0]LogUdpMessaging: Initializing bridge on interface 0.0.0.0:0 to multicast group 230.0.0.1:6666.
[2016.09.05-04.33.44:615][  0]SourceControl: Info Source control is disabled
[2016.09.05-04.33.44:618][  0]SourceControl: Info Source control is disabled
[2016.09.05-04.33.44:648][  0]SourceControl: Info Source control is disabled
[2016.09.05-04.33.44:671][  0]SourceControl: Info Source control is disabled
[2016.09.05-04.33.45:318][  0]LogEngine: Initializing Engine...
[2016.09.05-04.33.45:322][  0]LogHMD: Oculus plugin initialized. Version: 4.13.0-3106830+++UE4+Release-4.13, LibOVR: 1.7.0, SDK: 1.6.0, built Aug 30 2016, 18:13:21
[2016.09.05-04.33.45:594][  0]LogAIModule: Creating AISystem for world Untitled
[2016.09.05-04.33.45:615][  0]LogInit: XAudio2 using 'Speakers (Audioengine D1)' : 2 channels at 44.1 kHz using 16 bits per sample (channel mask 0x3)
[2016.09.05-04.33.45:639][  0]LogInit: FAudioDevice initialized.
[2016.09.05-04.33.45:695][  0]LogDerivedDataCache: Saved boot cache 0.06s 62MB C:/Users/aksha/AppData/Local/UnrealEngine/4.13/DerivedDataCache/Boot.ddc.
[2016.09.05-04.33.45:702][  0]LogInit: Texture streaming: Enabled
[2016.09.05-04.33.45:764][  0]LogInit: Transaction tracking system initialized
[2016.09.05-04.33.45:813][  0]BlueprintLog: New page: Editor Load
[2016.09.05-04.33.45:972][  0]LocalizationService: Info Localization service is disabled
[2016.09.05-04.33.46:217][  0]LogConsoleResponse:Display: 
[2016.09.05-04.33.46:640][  0]LogCook:Display: Max memory allowance for cook 16384mb min free memory 0mb
[2016.09.05-04.33.46:640][  0]LogCook:Display: Mobile HDR setting 1
[2016.09.05-04.33.46:901][  0]LogFileCache: Scanning file cache for directory 'C:/Users/aksha/Box Sync/MyDrive/Projects/Akshay-GitHub/NeuroRehab 4.13/Content/' took 0.02s
[2016.09.05-04.33.47:141][  0]SourceControl: Info Source control is disabled
[2016.09.05-04.33.47:142][  0]Cmd: MAP LOAD FILE="../../../../../../Users/aksha/Box Sync/MyDrive/Projects/Akshay-GitHub/NeuroRehab 4.13/Content/FirstPersonBP/Maps/FirstPersonExampleMap.umap" TEMPLATE=0 SHOWPROGRESS=1 FEATURELEVEL=3
[2016.09.05-04.33.47:145][  0]LightingResults: New page: Lighting Build
[2016.09.05-04.33.47:155][  0]MapCheck: New page: Map Check
[2016.09.05-04.33.47:156][  0]LightingResults: New page: Lighting Build
[2016.09.05-04.33.47:727][  0]LogBlueprint:Warning: [Compiler FirstPersonCharacter] Warning  K2Node_CallFunction_188  is deprecated; Use the new version of Set Input Mode UI Only instead
[2016.09.05-04.33.47:733][  0]LogBlueprint:Warning: [Compiler FirstPersonCharacter] Warning [0018.20] Compile of FirstPersonCharacter successful, but with 1 Warning(s) [in 41 ms] (/Game/FirstPersonBP/Blueprints/FirstPersonCharacter.FirstPersonCharacter)
[2016.09.05-04.33.47:733][  0]LogBlueprint:Warning: [Compiler FirstPersonCharacter] Warning [0018.20] Compile of FirstPersonCharacter successful, but with 2 Warning(s) [in 0 ms] (/Game/FirstPersonBP/Blueprints/FirstPersonCharacter.FirstPersonCharacter)
[2016.09.05-04.33.47:733][  0]LogBlueprint:Warning: [Compiler FirstPersonCharacter] Warning [0018.20] Compile of FirstPersonCharacter successful, but with 3 Warning(s) [in 0 ms] (/Game/FirstPersonBP/Blueprints/FirstPersonCharacter.FirstPersonCharacter)
[2016.09.05-04.33.47:798][  0]LogBlueprint:Warning: [Compiler FirstPersonCharacter] Warning  K2Node_CallFunction_188  is deprecated; Use the new version of Set Input Mode UI Only instead
[2016.09.05-04.33.47:808][  0]LogBlueprint:Warning: [Compiler FirstPersonCharacter] Warning [0018.28] Compile of FirstPersonCharacter successful, but with 1 Warning(s) [in 40 ms] (/Game/FirstPersonBP/Blueprints/FirstPersonCharacter.FirstPersonCharacter)
[2016.09.05-04.33.47:809][  0]LogBlueprint:Warning: [Compiler FirstPersonCharacter] Warning [0018.28] Compile of FirstPersonCharacter successful, but with 2 Warning(s) [in 0 ms] (/Game/FirstPersonBP/Blueprints/FirstPersonCharacter.FirstPersonCharacter)
[2016.09.05-04.33.47:810][  0]LogBlueprint:Warning: [Compiler FirstPersonCharacter] Warning [0018.28] Compile of FirstPersonCharacter successful, but with 3 Warning(s) [in 1 ms] (/Game/FirstPersonBP/Blueprints/FirstPersonCharacter.FirstPersonCharacter)
[2016.09.05-04.33.48:905][  0]LogMaterial: 0.00 seconds spent updating 1 materials, 1 interfaces, 0 instances, 0 with static permutations.
[2016.09.05-04.33.48:915][  0]LogMaterial: 0.00 seconds spent updating 1 materials, 1 interfaces, 0 instances, 0 with static permutations.
[2016.09.05-04.33.48:917][  0]LogMaterial: 0.00 seconds spent updating 1 materials, 1 interfaces, 0 instances, 0 with static permutations.
[2016.09.05-04.33.48:918][  0]LogMaterial: 0.00 seconds spent updating 1 materials, 1 interfaces, 0 instances, 0 with static permutations.
[2016.09.05-04.33.48:919][  0]LogMaterial: 0.00 seconds spent updating 1 materials, 1 interfaces, 0 instances, 0 with static permutations.
[2016.09.05-04.33.48:920][  0]LogMaterial: 0.00 seconds spent updating 1 materials, 1 interfaces, 0 instances, 0 with static permutations.
[2016.09.05-04.33.48:920][  0]LogMaterial: 0.00 seconds spent updating 1 materials, 1 interfaces, 0 instances, 0 with static permutations.
[2016.09.05-04.33.48:921][  0]LogMaterial: 0.00 seconds spent updating 1 materials, 1 interfaces, 0 instances, 0 with static permutations.
[2016.09.05-04.33.48:922][  0]LogMaterial: 0.00 seconds spent updating 1 materials, 1 interfaces, 0 instances, 0 with static permutations.
[2016.09.05-04.33.48:922][  0]LogMaterial: 0.00 seconds spent updating 1 materials, 1 interfaces, 0 instances, 0 with static permutations.
[2016.09.05-04.33.48:924][  0]LogMaterial: 0.00 seconds spent updating 1 materials, 1 interfaces, 0 instances, 0 with static permutations.
[2016.09.05-04.33.48:924][  0]LogMaterial: 0.00 seconds spent updating 1 materials, 1 interfaces, 0 instances, 0 with static permutations.
[2016.09.05-04.33.48:925][  0]LogMaterial: 0.00 seconds spent updating 1 materials, 1 interfaces, 0 instances, 0 with static permutations.
[2016.09.05-04.33.48:925][  0]LogMaterial: 0.00 seconds spent updating 1 materials, 1 interfaces, 0 instances, 0 with static permutations.
[2016.09.05-04.33.48:925][  0]LogMaterial: 0.00 seconds spent updating 1 materials, 1 interfaces, 0 instances, 0 with static permutations.
[2016.09.05-04.33.48:926][  0]LogMaterial: 0.00 seconds spent updating 1 materials, 1 interfaces, 0 instances, 0 with static permutations.
[2016.09.05-04.33.48:926][  0]LogMaterial: 0.00 seconds spent updating 1 materials, 1 interfaces, 0 instances, 0 with static permutations.
[2016.09.05-04.33.48:926][  0]LogMaterial: 0.00 seconds spent updating 1 materials, 1 interfaces, 0 instances, 0 with static permutations.
[2016.09.05-04.33.48:926][  0]LogMaterial: 0.00 seconds spent updating 1 materials, 1 interfaces, 0 instances, 0 with static permutations.
[2016.09.05-04.33.48:927][  0]LogMaterial: 0.00 seconds spent updating 1 materials, 1 interfaces, 0 instances, 0 with static permutations.
[2016.09.05-04.33.48:927][  0]LogMaterial: 0.00 seconds spent updating 1 materials, 1 interfaces, 0 instances, 0 with static permutations.
[2016.09.05-04.33.48:927][  0]LogMaterial: 0.00 seconds spent updating 1 materials, 1 interfaces, 0 instances, 0 with static permutations.
[2016.09.05-04.33.48:928][  0]LogMaterial: 0.00 seconds spent updating 1 materials, 1 interfaces, 0 instances, 0 with static permutations.
[2016.09.05-04.33.48:928][  0]LogMaterial: 0.00 seconds spent updating 1 materials, 1 interfaces, 0 instances, 0 with static permutations.
[2016.09.05-04.33.48:928][  0]LogMaterial: 0.00 seconds spent updating 1 materials, 1 interfaces, 0 instances, 0 with static permutations.
[2016.09.05-04.33.48:929][  0]LogMaterial: 0.00 seconds spent updating 1 materials, 1 interfaces, 0 instances, 0 with static permutations.
[2016.09.05-04.33.48:929][  0]LogMaterial: 0.00 seconds spent updating 1 materials, 1 interfaces, 0 instances, 0 with static permutations.
[2016.09.05-04.33.48:929][  0]LogMaterial: 0.00 seconds spent updating 1 materials, 1 interfaces, 0 instances, 0 with static permutations.
[2016.09.05-04.33.48:929][  0]LogMaterial: 0.00 seconds spent updating 1 materials, 1 interfaces, 0 instances, 0 with static permutations.
[2016.09.05-04.33.48:929][  0]LogMaterial: 0.00 seconds spent updating 1 materials, 1 interfaces, 0 instances, 0 with static permutations.
[2016.09.05-04.33.48:930][  0]LogMaterial: 0.00 seconds spent updating 1 materials, 1 interfaces, 0 instances, 0 with static permutations.
[2016.09.05-04.33.48:930][  0]LogMaterial: 0.00 seconds spent updating 1 materials, 1 interfaces, 0 instances, 0 with static permutations.
[2016.09.05-04.33.48:930][  0]LogMaterial: 0.00 seconds spent updating 1 materials, 1 interfaces, 0 instances, 0 with static permutations.
[2016.09.05-04.33.48:930][  0]LogMaterial: 0.00 seconds spent updating 1 materials, 1 interfaces, 0 instances, 0 with static permutations.
[2016.09.05-04.33.48:931][  0]LogMaterial: 0.00 seconds spent updating 1 materials, 1 interfaces, 0 instances, 0 with static permutations.
[2016.09.05-04.33.48:931][  0]LogMaterial: 0.00 seconds spent updating 1 materials, 1 interfaces, 0 instances, 0 with static permutations.
[2016.09.05-04.33.48:931][  0]LogMaterial: 0.00 seconds spent updating 1 materials, 1 interfaces, 0 instances, 0 with static permutations.
[2016.09.05-04.33.48:932][  0]LogMaterial: 0.00 seconds spent updating 1 materials, 1 interfaces, 0 instances, 0 with static permutations.
[2016.09.05-04.33.48:932][  0]LogMaterial: 0.00 seconds spent updating 1 materials, 1 interfaces, 0 instances, 0 with static permutations.
[2016.09.05-04.33.48:932][  0]LogMaterial: 0.00 seconds spent updating 1 materials, 1 interfaces, 0 instances, 0 with static permutations.
[2016.09.05-04.33.48:932][  0]LogMaterial: 0.00 seconds spent updating 1 materials, 1 interfaces, 0 instances, 0 with static permutations.
[2016.09.05-04.33.48:933][  0]LogMaterial: 0.00 seconds spent updating 1 materials, 1 interfaces, 0 instances, 0 with static permutations.
[2016.09.05-04.33.48:933][  0]LogMaterial: 0.00 seconds spent updating 1 materials, 1 interfaces, 0 instances, 0 with static permutations.
[2016.09.05-04.33.48:933][  0]LogMaterial: 0.00 seconds spent updating 1 materials, 1 interfaces, 0 instances, 0 with static permutations.
[2016.09.05-04.33.48:933][  0]LogMaterial: 0.00 seconds spent updating 1 materials, 1 interfaces, 0 instances, 0 with static permutations.
[2016.09.05-04.33.48:934][  0]LogMaterial: 0.00 seconds spent updating 1 materials, 1 interfaces, 0 instances, 0 with static permutations.
[2016.09.05-04.33.48:934][  0]LogMaterial: 0.00 seconds spent updating 1 materials, 1 interfaces, 0 instances, 0 with static permutations.
[2016.09.05-04.33.48:934][  0]LogMaterial: 0.00 seconds spent updating 1 materials, 1 interfaces, 0 instances, 0 with static permutations.
[2016.09.05-04.33.48:934][  0]LogMaterial: 0.00 seconds spent updating 1 materials, 1 interfaces, 0 instances, 0 with static permutations.
[2016.09.05-04.33.48:935][  0]LogMaterial: 0.00 seconds spent updating 1 materials, 1 interfaces, 0 instances, 0 with static permutations.
[2016.09.05-04.33.48:935][  0]LogMaterial: 0.00 seconds spent updating 1 materials, 1 interfaces, 0 instances, 0 with static permutations.
[2016.09.05-04.33.48:936][  0]LogMaterial: 0.00 seconds spent updating 1 materials, 1 interfaces, 0 instances, 0 with static permutations.
[2016.09.05-04.33.48:936][  0]LogMaterial: 0.00 seconds spent updating 1 materials, 1 interfaces, 0 instances, 0 with static permutations.
[2016.09.05-04.33.48:937][  0]LogMaterial: 0.00 seconds spent updating 1 materials, 1 interfaces, 0 instances, 0 with static permutations.
[2016.09.05-04.33.48:940][  0]LogMaterial: 0.00 seconds spent updating 1 materials, 1 interfaces, 0 instances, 0 with static permutations.
[2016.09.05-04.33.48:945][  0]LogMaterial: 0.00 seconds spent updating 1 materials, 1 interfaces, 0 instances, 0 with static permutations.
[2016.09.05-04.33.48:947][  0]LogMaterial: 0.00 seconds spent updating 1 materials, 1 interfaces, 0 instances, 0 with static permutations.
[2016.09.05-04.33.48:948][  0]LogMaterial: 0.00 seconds spent updating 1 materials, 1 interfaces, 0 instances, 0 with static permutations.
[2016.09.05-04.33.48:949][  0]LogMaterial: 0.00 seconds spent updating 1 materials, 1 interfaces, 0 instances, 0 with static permutations.
[2016.09.05-04.33.48:949][  0]LogMaterial: 0.00 seconds spent updating 1 materials, 1 interfaces, 0 instances, 0 with static permutations.
[2016.09.05-04.33.48:950][  0]LogMaterial: 0.00 seconds spent updating 1 materials, 1 interfaces, 0 instances, 0 with static permutations.
[2016.09.05-04.33.48:951][  0]LogMaterial: 0.00 seconds spent updating 1 materials, 1 interfaces, 0 instances, 0 with static permutations.
[2016.09.05-04.33.48:951][  0]LogMaterial: 0.00 seconds spent updating 1 materials, 1 interfaces, 0 instances, 0 with static permutations.
[2016.09.05-04.33.48:951][  0]LogMaterial: 0.00 seconds spent updating 1 materials, 1 interfaces, 0 instances, 0 with static permutations.
[2016.09.05-04.33.50:148][  0]LogAIModule: Creating AISystem for world FirstPersonExampleMap
[2016.09.05-04.33.50:501][  0]LogEditorServer: Finished looking for orphan Actors (0.000 secs)
[2016.09.05-04.33.50:507][  0]Cmd: MAP CHECKDEP NOCLEARLOG
[2016.09.05-04.33.50:812][  0]MapCheck: Info Map check complete: 0 Error(s), 0 Warning(s), took 304.992ms to complete.
[2016.09.05-04.33.50:812][  0]LogFileHelpers: Loading map 'FirstPersonExampleMap' took 3.672
[2016.09.05-04.33.51:021][  0]LogWindowsTextInputMethodSystem:Display: IME system now deactivated.
[2016.09.05-04.33.51:021][  0]LogWindowsTextInputMethodSystem:Display: IME system now deactivated.
[2016.09.05-04.33.51:208][  0]LogCollectionManager: Loaded 1 collections in 0.004089 seconds
[2016.09.05-04.33.51:269][  0]LogFileCache: Scanning file cache for directory 'C:/Users/aksha/Box Sync/MyDrive/Projects/Akshay-GitHub/NeuroRehab 4.13/Saved/Collections/' took 0.01s
[2016.09.05-04.33.51:269][  0]LogFileCache: Scanning file cache for directory 'C:/Users/aksha/Box Sync/MyDrive/Projects/Akshay-GitHub/NeuroRehab 4.13/Content/Developers/akshay/Collections/' took 0.00s
[2016.09.05-04.33.51:269][  0]LogFileCache: Scanning file cache for directory 'C:/Users/aksha/Box Sync/MyDrive/Projects/Akshay-GitHub/NeuroRehab 4.13/Content/Collections/' took 0.00s
[2016.09.05-04.33.51:269][  0]LogCollectionManager: Rebuilt the GUID cache for 1 collections in 0.000006 seconds
[2016.09.05-04.33.51:269][  0]LogCollectionManager: Rebuilt the hierarchy cache for 1 collections in 0.000001 seconds
[2016.09.05-04.33.51:286][  0]LogContentBrowser: Native class hierarchy populated in 0.0147 seconds. Added 2141 classes and 415 folders.
[2016.09.05-04.33.51:301][  0]LogStats: UGameplayTagsManager::ConstructGameplayTagTree: Construct from data asset -  0.000 s
[2016.09.05-04.33.51:301][  0]LogStats: UGameplayTagsManager::ConstructGameplayTagTree: GameplayTagTreeChangedEvent.Broadcast -  0.000 s
[2016.09.05-04.33.51:302][  0]LogContentBrowser: Native class hierarchy updated for 'GameplayTags' in 0.0008 seconds. Added 12 classes and 0 folders.
[2016.09.05-04.33.51:311][  0]LogContentBrowser: Native class hi